#! c:/iverilog-x64/bin/vvp
:ivl_version "10.1 (stable)" "(v10_1_1)";
:ivl_delay_selection "TYPICAL";
:vpi_time_precision + 0;
:vpi_module "system";
:vpi_module "vhdl_sys";
:vpi_module "v2005_math";
:vpi_module "va_math";
S_0000000000f66240 .scope module, "xorgate_tb" "xorgate_tb" 2 1;
 .timescale 0 0;
v000000000102d370_0 .var "t_a", 0 0;
v000000000102d410_0 .var "t_b", 0 0;
v000000000102d4b0_0 .net "t_y", 0 0, L_0000000000f66460;  1 drivers
S_000000000102d1f0 .scope module, "my_gate" "xorgate" 2 5, 3 1 0, S_0000000000f66240;
 .timescale 0 0;
    .port_info 0 /INPUT 1 "a"
    .port_info 1 /INPUT 1 "b"
    .port_info 2 /OUTPUT 1 "y"
L_0000000000f66460 .functor XOR 1, v000000000102d370_0, v000000000102d410_0, C4<0>, C4<0>;
v0000000000f663c0_0 .net "a", 0 0, v000000000102d370_0;  1 drivers
v0000000000f65b50_0 .net "b", 0 0, v000000000102d410_0;  1 drivers
v0000000000f65bf0_0 .net "y", 0 0, L_0000000000f66460;  alias, 1 drivers
    .scope S_000000000102d1f0;
T_0 ;
    %vpi_call 3 7 "$monitor", "Hello World" {0 0 0};
    %end;
    .thread T_0;
    .scope S_0000000000f66240;
T_1 ;
    %vpi_call 2 8 "$monitor", "A = %b B = %b Y = %b", v000000000102d370_0, v000000000102d410_0, v000000000102d4b0_0 {0 0 0};
    %pushi/vec4 0, 0, 1;
    %store/vec4 v000000000102d370_0, 0, 1;
    %pushi/vec4 0, 0, 1;
    %store/vec4 v000000000102d410_0, 0, 1;
    %delay 10, 0;
    %pushi/vec4 0, 0, 1;
    %store/vec4 v000000000102d370_0, 0, 1;
    %pushi/vec4 1, 0, 1;
    %store/vec4 v000000000102d410_0, 0, 1;
    %delay 10, 0;
    %pushi/vec4 1, 0, 1;
    %store/vec4 v000000000102d370_0, 0, 1;
    %pushi/vec4 0, 0, 1;
    %store/vec4 v000000000102d410_0, 0, 1;
    %delay 10, 0;
    %pushi/vec4 1, 0, 1;
    %store/vec4 v000000000102d370_0, 0, 1;
    %pushi/vec4 1, 0, 1;
    %store/vec4 v000000000102d410_0, 0, 1;
    %end;
    .thread T_1;
# The file index is used to find the file name in the following table.
:file_names 4;
    "N/A";
    "<interactive>";
    "xor_tb.v";
    "xor.v";
